  Main.cpp
c:\users\rica.pengin\documents\visual studio 2015\projects\retriever\retriever\retriever\main.cpp(16): fatal error C1083: Cannot open include file: 'GuiManager.h': No such file or directory
  GuiManager.cpp
c1xx : fatal error C1083: Cannot open source file: 'GuiManager.cpp': No such file or directory
  GuiInterface.cpp
c1xx : fatal error C1083: Cannot open source file: 'GuiInterface.cpp': No such file or directory
  GuiChild.cpp
c1xx : fatal error C1083: Cannot open source file: 'GuiChild.cpp': No such file or directory
  GuiBox.cpp
c1xx : fatal error C1083: Cannot open source file: 'GuiBox.cpp': No such file or directory
  GameObject.cpp
c1xx : fatal error C1083: Cannot open source file: 'GameObject.cpp': No such file or directory
  Entity.cpp
  Generating Code...
  Compiling...
  Character.cpp
c:\users\rica.pengin\documents\visual studio 2015\projects\retriever\retriever\retriever\character.h(3): fatal error C1083: Cannot open include file: 'GameObject.h': No such file or directory
  Generating Code...
  Compiling...
  Player.cpp
c:\users\rica.pengin\documents\visual studio 2015\projects\retriever\retriever\retriever\character.h(3): fatal error C1083: Cannot open include file: 'GameObject.h': No such file or directory
  Generating Code...
  Skipping... (no relevant changes detected)
  Globals.cpp
